android/app/build/intermediates/manifest_merge_blame_file/debug/manifest-merger-blame-debug-report.txt
1<?xml version="1.0" encoding="utf-8"?>
2<manifest xmlns:android="http://schemas.android.com/apk/res/android"
3    package="com.inkartuserapp"
4    android:versionCode="1"
5    android:versionName="1.0" >
6
7    <uses-sdk
8        android:minSdkVersion="21"
9        android:targetSdkVersion="33" />
10
11    <uses-permission android:name="android.permission.SYSTEM_ALERT_WINDOW" />
11-->src\main\AndroidManifest.xml:5:5-77
11-->src\main\AndroidManifest.xml:5:22-75
12    <uses-permission android:name="android.permission.INTERNET" />
12-->src\main\AndroidManifest.xml:3:5-67
12-->src\main\AndroidManifest.xml:3:22-64
13    <uses-permission android:name="android.permission.CAMERA" />
13-->src\main\AndroidManifest.xml:4:5-64
13-->src\main\AndroidManifest.xml:4:22-62
14    <uses-permission android:name="android.permission.READ_EXTERNAL_STORAGE" />
14-->src\main\AndroidManifest.xml:6:5-79
14-->src\main\AndroidManifest.xml:6:22-77
15    <uses-permission android:name="android.permission.WRITE_EXTERNAL_STORAGE" />
15-->src\main\AndroidManifest.xml:7:5-80
15-->src\main\AndroidManifest.xml:7:22-78
16    <uses-permission android:name="android.permission.DOWNLOAD_WITHOUT_NOTIFICATION" />
16-->src\main\AndroidManifest.xml:8:5-87
16-->src\main\AndroidManifest.xml:8:22-85
17    <uses-permission android:name="android.permission.ACCESS_NETWORK_STATE" />
17-->src\main\AndroidManifest.xml:9:5-78
17-->src\main\AndroidManifest.xml:9:22-76
18    <uses-permission android:name="android.permission.ACCESS_FINE_LOCATION" />
18-->src\main\AndroidManifest.xml:10:5-78
18-->src\main\AndroidManifest.xml:10:22-76
19    <uses-permission android:name="android.permission.ACCESS_COARSE_LOCATION" />
19-->src\main\AndroidManifest.xml:11:5-81
19-->src\main\AndroidManifest.xml:11:22-78
20    <uses-permission android:name="android.permission.ACCESS_WIFI_STATE" />
20-->[com.facebook.flipper:flipper:0.125.0] AndroidManifest.xml:16:5-76
20-->[com.facebook.flipper:flipper:0.125.0] AndroidManifest.xml:16:22-73
21    <uses-permission android:name="android.permission.WAKE_LOCK" />
21-->[:react-native-firebase_auth] AndroidManifest.xml:10:5-68
21-->[:react-native-firebase_auth] AndroidManifest.xml:10:22-65
22
23    <queries>
23-->[:react-native-image-crop-picker] AndroidManifest.xml:9:5-13:15
24        <intent>
24-->[:react-native-image-crop-picker] AndroidManifest.xml:10:9-12:18
25            <action android:name="android.media.action.IMAGE_CAPTURE" />
25-->[:react-native-image-crop-picker] AndroidManifest.xml:11:13-73
25-->[:react-native-image-crop-picker] AndroidManifest.xml:11:21-70
26        </intent>
27        <intent>
27-->[com.razorpay:checkout:1.6.36] AndroidManifest.xml:11:9-17:18
28            <action android:name="android.intent.action.VIEW" />
28-->[com.google.firebase:firebase-auth:22.2.0] AndroidManifest.xml:36:17-69
28-->[com.google.firebase:firebase-auth:22.2.0] AndroidManifest.xml:36:25-66
29
30            <data
30-->[com.google.firebase:firebase-auth:22.2.0] AndroidManifest.xml:41:17-44:51
31                android:mimeType="*/*"
32                android:scheme="*" />
32-->[com.google.firebase:firebase-auth:22.2.0] AndroidManifest.xml:44:21-48
33        </intent>
34        <intent>
34-->[com.razorpay:checkout:1.6.36] AndroidManifest.xml:18:9-27:18
35            <action android:name="android.intent.action.VIEW" />
35-->[com.google.firebase:firebase-auth:22.2.0] AndroidManifest.xml:36:17-69
35-->[com.google.firebase:firebase-auth:22.2.0] AndroidManifest.xml:36:25-66
36
37            <category android:name="android.intent.category.BROWSABLE" />
37-->[com.google.firebase:firebase-auth:22.2.0] AndroidManifest.xml:39:17-78
37-->[com.google.firebase:firebase-auth:22.2.0] AndroidManifest.xml:39:27-75
38
39            <data
39-->[com.google.firebase:firebase-auth:22.2.0] AndroidManifest.xml:41:17-44:51
40                android:host="pay"
40-->[com.google.firebase:firebase-auth:22.2.0] AndroidManifest.xml:42:21-49
41                android:mimeType="*/*"
42                android:scheme="upi" />
42-->[com.google.firebase:firebase-auth:22.2.0] AndroidManifest.xml:44:21-48
43        </intent>
44        <intent>
44-->[com.razorpay:checkout:1.6.36] AndroidManifest.xml:28:9-30:18
45            <action android:name="android.intent.action.MAIN" />
45-->src\main\AndroidManifest.xml:28:13-65
45-->src\main\AndroidManifest.xml:28:21-62
46        </intent>
47        <intent>
47-->[com.razorpay:checkout:1.6.36] AndroidManifest.xml:31:9-35:18
48            <action android:name="android.intent.action.SEND" />
48-->[com.razorpay:checkout:1.6.36] AndroidManifest.xml:32:13-65
48-->[com.razorpay:checkout:1.6.36] AndroidManifest.xml:32:21-62
49
50            <data android:mimeType="*/*" />
50-->[com.google.firebase:firebase-auth:22.2.0] AndroidManifest.xml:41:17-44:51
51        </intent>
52        <intent>
52-->[com.razorpay:checkout:1.6.36] AndroidManifest.xml:36:9-38:18
53            <action android:name="rzp.device_token.share" />
53-->[com.razorpay:checkout:1.6.36] AndroidManifest.xml:37:13-61
53-->[com.razorpay:checkout:1.6.36] AndroidManifest.xml:37:21-58
54        </intent> <!-- Needs to be explicitly declared on Android R+ -->
55        <package android:name="com.google.android.apps.maps" />
55-->[com.google.android.gms:play-services-maps:18.0.2] AndroidManifest.xml:33:9-64
55-->[com.google.android.gms:play-services-maps:18.0.2] AndroidManifest.xml:33:18-61
56    </queries> <!-- Required to access Google Play Licensing -->
57    <uses-permission android:name="com.android.vending.CHECK_LICENSE" />
57-->[:rn-fetch-blob] AndroidManifest.xml:10:5-73
57-->[:rn-fetch-blob] AndroidManifest.xml:10:22-70
58    <uses-permission android:name="android.permission.RECEIVE_BOOT_COMPLETED" />
58-->[androidx.work:work-runtime:2.7.1] AndroidManifest.xml:27:5-81
58-->[androidx.work:work-runtime:2.7.1] AndroidManifest.xml:27:22-78
59    <uses-permission android:name="android.permission.FOREGROUND_SERVICE" />
59-->[androidx.work:work-runtime:2.7.1] AndroidManifest.xml:28:5-77
59-->[androidx.work:work-runtime:2.7.1] AndroidManifest.xml:28:22-74
60
61    <uses-feature
61-->[com.google.android.gms:play-services-maps:18.0.2] AndroidManifest.xml:26:5-28:35
62        android:glEsVersion="0x00020000"
62-->[com.google.android.gms:play-services-maps:18.0.2] AndroidManifest.xml:27:9-41
63        android:required="true" />
63-->[com.google.android.gms:play-services-maps:18.0.2] AndroidManifest.xml:28:9-32
64
65    <application
65-->src\main\AndroidManifest.xml:13:5-36:19
66        android:name="com.inkartuserapp.MainApplication"
66-->src\main\AndroidManifest.xml:14:7-38
67        android:allowBackup="false"
67-->src\main\AndroidManifest.xml:18:7-34
68        android:appComponentFactory="androidx.core.app.CoreComponentFactory"
68-->[androidx.core:core:1.8.0] AndroidManifest.xml:24:18-86
69        android:debuggable="true"
70        android:icon="@mipmap/ic_launcher"
70-->src\main\AndroidManifest.xml:16:7-41
71        android:label="@string/app_name"
71-->src\main\AndroidManifest.xml:15:7-39
72        android:roundIcon="@mipmap/ic_launcher_round"
72-->src\main\AndroidManifest.xml:17:7-52
73        android:theme="@style/AppTheme"
73-->src\main\AndroidManifest.xml:19:7-38
74        android:usesCleartextTraffic="true" >
74-->src\debug\AndroidManifest.xml:8:9-44
75        <activity
75-->src\debug\AndroidManifest.xml:11:9-111
76            android:name="com.facebook.react.devsupport.DevSettingsActivity"
76-->src\debug\AndroidManifest.xml:11:19-83
77            android:exported="false" />
77-->src\debug\AndroidManifest.xml:11:84-108
78        <activity
78-->src\main\AndroidManifest.xml:20:7-32:18
79            android:name="com.inkartuserapp.MainActivity"
79-->src\main\AndroidManifest.xml:21:9-37
80            android:configChanges="keyboard|keyboardHidden|orientation|screenLayout|screenSize|smallestScreenSize|uiMode"
80-->src\main\AndroidManifest.xml:23:9-118
81            android:exported="true"
81-->src\main\AndroidManifest.xml:26:9-32
82            android:label="@string/app_name"
82-->src\main\AndroidManifest.xml:22:9-41
83            android:launchMode="singleTask"
83-->src\main\AndroidManifest.xml:24:9-40
84            android:windowSoftInputMode="adjustResize" >
84-->src\main\AndroidManifest.xml:25:9-51
85            <intent-filter>
85-->src\main\AndroidManifest.xml:27:9-31:25
86                <action android:name="android.intent.action.MAIN" />
86-->src\main\AndroidManifest.xml:28:13-65
86-->src\main\AndroidManifest.xml:28:21-62
87
88                <category android:name="android.intent.category.LAUNCHER" />
88-->src\main\AndroidManifest.xml:29:13-73
88-->src\main\AndroidManifest.xml:29:23-70
89
90                <action android:name="android.intent.action.DOWNLOAD_COMPLETE" />
90-->src\main\AndroidManifest.xml:30:13-77
90-->src\main\AndroidManifest.xml:30:21-75
91            </intent-filter>
92        </activity>
93
94        <meta-data
94-->src\main\AndroidManifest.xml:33:7-35:64
95            android:name="com.google.android.geo.API_KEY"
95-->src\main\AndroidManifest.xml:34:9-54
96            android:value="AIzaSyCkaHMlRjNoS8Rdt0aRKuMAE4gk1QiGy" />
96-->src\main\AndroidManifest.xml:35:9-62
97        <meta-data
97-->[:react-native-firebase_app] AndroidManifest.xml:11:9-13:36
98            android:name="app_data_collection_default_enabled"
98-->[:react-native-firebase_app] AndroidManifest.xml:12:13-63
99            android:value="true" />
99-->[:react-native-firebase_app] AndroidManifest.xml:13:13-33
100
101        <service
101-->[:react-native-firebase_app] AndroidManifest.xml:15:9-23:19
102            android:name="com.google.firebase.components.ComponentDiscoveryService"
102-->[:react-native-firebase_app] AndroidManifest.xml:16:13-84
103            android:directBootAware="true"
103-->[:react-native-firebase_app] AndroidManifest.xml:17:13-43
104            android:exported="false" >
104-->[:react-native-firebase_app] AndroidManifest.xml:18:13-37
105            <meta-data
105-->[:react-native-firebase_app] AndroidManifest.xml:20:13-22:85
106                android:name="com.google.firebase.components:io.invertase.firebase.app.ReactNativeFirebaseAppRegistrar"
106-->[:react-native-firebase_app] AndroidManifest.xml:21:17-120
107                android:value="com.google.firebase.components.ComponentRegistrar" />
107-->[:react-native-firebase_app] AndroidManifest.xml:22:17-82
108            <meta-data
108-->[com.google.firebase:firebase-storage:20.3.0] AndroidManifest.xml:30:13-32:85
109                android:name="com.google.firebase.components:com.google.firebase.storage.FirebaseStorageKtxRegistrar"
109-->[com.google.firebase:firebase-storage:20.3.0] AndroidManifest.xml:31:17-118
110                android:value="com.google.firebase.components.ComponentRegistrar" />
110-->[com.google.firebase:firebase-storage:20.3.0] AndroidManifest.xml:32:17-82
111            <meta-data
111-->[com.google.firebase:firebase-storage:20.3.0] AndroidManifest.xml:33:13-35:85
112                android:name="com.google.firebase.components:com.google.firebase.storage.StorageRegistrar"
112-->[com.google.firebase:firebase-storage:20.3.0] AndroidManifest.xml:34:17-107
113                android:value="com.google.firebase.components.ComponentRegistrar" />
113-->[com.google.firebase:firebase-storage:20.3.0] AndroidManifest.xml:35:17-82
114            <meta-data
114-->[com.google.firebase:firebase-appcheck:17.1.0] AndroidManifest.xml:25:13-27:85
115                android:name="com.google.firebase.components:com.google.firebase.appcheck.FirebaseAppCheckKtxRegistrar"
115-->[com.google.firebase:firebase-appcheck:17.1.0] AndroidManifest.xml:26:17-120
116                android:value="com.google.firebase.components.ComponentRegistrar" />
116-->[com.google.firebase:firebase-appcheck:17.1.0] AndroidManifest.xml:27:17-82
117            <meta-data
117-->[com.google.firebase:firebase-appcheck:17.1.0] AndroidManifest.xml:28:13-30:85
118                android:name="com.google.firebase.components:com.google.firebase.appcheck.FirebaseAppCheckRegistrar"
118-->[com.google.firebase:firebase-appcheck:17.1.0] AndroidManifest.xml:29:17-117
119                android:value="com.google.firebase.components.ComponentRegistrar" />
119-->[com.google.firebase:firebase-appcheck:17.1.0] AndroidManifest.xml:30:17-82
120            <meta-data
120-->[com.google.firebase:firebase-auth:22.2.0] AndroidManifest.xml:69:13-71:85
121                android:name="com.google.firebase.components:com.google.firebase.auth.FirebaseAuthRegistrar"
121-->[com.google.firebase:firebase-auth:22.2.0] AndroidManifest.xml:70:17-109
122                android:value="com.google.firebase.components.ComponentRegistrar" />
122-->[com.google.firebase:firebase-auth:22.2.0] AndroidManifest.xml:71:17-82
123            <meta-data
123-->[com.google.firebase:firebase-firestore:24.9.0] AndroidManifest.xml:17:13-19:85
124                android:name="com.google.firebase.components:com.google.firebase.firestore.FirebaseFirestoreKtxRegistrar"
124-->[com.google.firebase:firebase-firestore:24.9.0] AndroidManifest.xml:18:17-122
125                android:value="com.google.firebase.components.ComponentRegistrar" />
125-->[com.google.firebase:firebase-firestore:24.9.0] AndroidManifest.xml:19:17-82
126            <meta-data
126-->[com.google.firebase:firebase-firestore:24.9.0] AndroidManifest.xml:20:13-22:85
127                android:name="com.google.firebase.components:com.google.firebase.firestore.FirestoreRegistrar"
127-->[com.google.firebase:firebase-firestore:24.9.0] AndroidManifest.xml:21:17-111
128                android:value="com.google.firebase.components.ComponentRegistrar" />
128-->[com.google.firebase:firebase-firestore:24.9.0] AndroidManifest.xml:22:17-82
129            <meta-data
129-->[com.google.firebase:firebase-common-ktx:20.4.2] AndroidManifest.xml:12:13-14:85
130                android:name="com.google.firebase.components:com.google.firebase.ktx.FirebaseCommonLegacyRegistrar"
130-->[com.google.firebase:firebase-common-ktx:20.4.2] AndroidManifest.xml:13:17-116
131                android:value="com.google.firebase.components.ComponentRegistrar" />
131-->[com.google.firebase:firebase-common-ktx:20.4.2] AndroidManifest.xml:14:17-82
132            <meta-data
132-->[com.google.firebase:firebase-common:20.4.2] AndroidManifest.xml:35:13-37:85
133                android:name="com.google.firebase.components:com.google.firebase.FirebaseCommonKtxRegistrar"
133-->[com.google.firebase:firebase-common:20.4.2] AndroidManifest.xml:36:17-109
134                android:value="com.google.firebase.components.ComponentRegistrar" />
134-->[com.google.firebase:firebase-common:20.4.2] AndroidManifest.xml:37:17-82
135        </service>
136
137        <provider
137-->[:react-native-firebase_app] AndroidManifest.xml:25:9-29:38
138            android:name="io.invertase.firebase.app.ReactNativeFirebaseAppInitProvider"
138-->[:react-native-firebase_app] AndroidManifest.xml:26:13-88
139            android:authorities="com.inkartuserapp.reactnativefirebaseappinitprovider"
139-->[:react-native-firebase_app] AndroidManifest.xml:27:13-86
140            android:exported="false"
140-->[:react-native-firebase_app] AndroidManifest.xml:28:13-37
141            android:initOrder="99" />
141-->[:react-native-firebase_app] AndroidManifest.xml:29:13-35
142        <provider
142-->[:react-native-image-crop-picker] AndroidManifest.xml:18:9-26:20
143            android:name="com.reactnative.ivpusic.imagepicker.IvpusicImagePickerFileProvider"
143-->[:react-native-image-crop-picker] AndroidManifest.xml:19:13-94
144            android:authorities="com.inkartuserapp.provider"
144-->[:react-native-image-crop-picker] AndroidManifest.xml:20:13-60
145            android:exported="false"
145-->[:react-native-image-crop-picker] AndroidManifest.xml:21:13-37
146            android:grantUriPermissions="true" >
146-->[:react-native-image-crop-picker] AndroidManifest.xml:22:13-47
147            <meta-data
147-->[:react-native-image-crop-picker] AndroidManifest.xml:23:13-25:78
148                android:name="android.support.FILE_PROVIDER_PATHS"
148-->[:react-native-image-crop-picker] AndroidManifest.xml:24:17-67
149                android:resource="@xml/ivpusic_imagepicker_provider_paths" />
149-->[:react-native-image-crop-picker] AndroidManifest.xml:25:17-75
150        </provider>
151
152        <activity
152-->[:react-native-image-crop-picker] AndroidManifest.xml:28:9-30:72
153            android:name="com.yalantis.ucrop.UCropActivity"
153-->[:react-native-image-crop-picker] AndroidManifest.xml:29:13-60
154            android:theme="@style/Theme.AppCompat.Light.NoActionBar" />
154-->[:react-native-image-crop-picker] AndroidManifest.xml:30:13-69
155        <activity
155-->[:react-native-razorpay] AndroidManifest.xml:10:9-12:86
156            android:name="com.razorpay.CheckoutActivity"
156-->[:react-native-razorpay] AndroidManifest.xml:11:13-57
157            android:configChanges="keyboard|keyboardHidden|orientation|screenSize"
157-->[:react-native-razorpay] AndroidManifest.xml:12:13-83
158            android:exported="false"
158-->[com.razorpay:checkout:1.6.36] AndroidManifest.xml:54:13-37
159            android:theme="@style/CheckoutTheme" >
159-->[com.razorpay:checkout:1.6.36] AndroidManifest.xml:55:13-49
160            <intent-filter>
160-->[com.razorpay:checkout:1.6.36] AndroidManifest.xml:56:13-58:29
161                <action android:name="android.intent.action.MAIN" />
161-->src\main\AndroidManifest.xml:28:13-65
161-->src\main\AndroidManifest.xml:28:21-62
162            </intent-filter>
163        </activity>
164
165        <provider
165-->[:rn-fetch-blob] AndroidManifest.xml:34:9-42:20
166            android:name="com.RNFetchBlob.Utils.FileProvider"
166-->[:rn-fetch-blob] AndroidManifest.xml:35:13-62
167            android:authorities="com.inkartuserapp.provider"
167-->[:rn-fetch-blob] AndroidManifest.xml:36:13-60
168            android:exported="false"
168-->[:rn-fetch-blob] AndroidManifest.xml:37:13-37
169            android:grantUriPermissions="true" >
169-->[:rn-fetch-blob] AndroidManifest.xml:38:13-47
170            <meta-data
170-->[:react-native-image-crop-picker] AndroidManifest.xml:23:13-25:78
171                android:name="android.support.FILE_PROVIDER_PATHS"
171-->[:react-native-image-crop-picker] AndroidManifest.xml:24:17-67
172                android:resource="@xml/provider_paths" />
172-->[:react-native-image-crop-picker] AndroidManifest.xml:25:17-75
173        </provider>
174
175        <activity
175-->[com.google.firebase:firebase-auth:22.2.0] AndroidManifest.xml:29:9-46:20
176            android:name="com.google.firebase.auth.internal.GenericIdpActivity"
176-->[com.google.firebase:firebase-auth:22.2.0] AndroidManifest.xml:30:13-80
177            android:excludeFromRecents="true"
177-->[com.google.firebase:firebase-auth:22.2.0] AndroidManifest.xml:31:13-46
178            android:exported="true"
178-->[com.google.firebase:firebase-auth:22.2.0] AndroidManifest.xml:32:13-36
179            android:launchMode="singleTask"
179-->[com.google.firebase:firebase-auth:22.2.0] AndroidManifest.xml:33:13-44
180            android:theme="@android:style/Theme.Translucent.NoTitleBar" >
180-->[com.google.firebase:firebase-auth:22.2.0] AndroidManifest.xml:34:13-72
181            <intent-filter>
181-->[com.google.firebase:firebase-auth:22.2.0] AndroidManifest.xml:35:13-45:29
182                <action android:name="android.intent.action.VIEW" />
182-->[com.google.firebase:firebase-auth:22.2.0] AndroidManifest.xml:36:17-69
182-->[com.google.firebase:firebase-auth:22.2.0] AndroidManifest.xml:36:25-66
183
184                <category android:name="android.intent.category.DEFAULT" />
184-->[com.google.firebase:firebase-auth:22.2.0] AndroidManifest.xml:38:17-76
184-->[com.google.firebase:firebase-auth:22.2.0] AndroidManifest.xml:38:27-73
185                <category android:name="android.intent.category.BROWSABLE" />
185-->[com.google.firebase:firebase-auth:22.2.0] AndroidManifest.xml:39:17-78
185-->[com.google.firebase:firebase-auth:22.2.0] AndroidManifest.xml:39:27-75
186
187                <data
187-->[com.google.firebase:firebase-auth:22.2.0] AndroidManifest.xml:41:17-44:51
188                    android:host="firebase.auth"
188-->[com.google.firebase:firebase-auth:22.2.0] AndroidManifest.xml:42:21-49
189                    android:path="/"
189-->[com.google.firebase:firebase-auth:22.2.0] AndroidManifest.xml:43:21-37
190                    android:scheme="genericidp" />
190-->[com.google.firebase:firebase-auth:22.2.0] AndroidManifest.xml:44:21-48
191            </intent-filter>
192        </activity>
193        <activity
193-->[com.google.firebase:firebase-auth:22.2.0] AndroidManifest.xml:47:9-64:20
194            android:name="com.google.firebase.auth.internal.RecaptchaActivity"
194-->[com.google.firebase:firebase-auth:22.2.0] AndroidManifest.xml:48:13-79
195            android:excludeFromRecents="true"
195-->[com.google.firebase:firebase-auth:22.2.0] AndroidManifest.xml:49:13-46
196            android:exported="true"
196-->[com.google.firebase:firebase-auth:22.2.0] AndroidManifest.xml:50:13-36
197            android:launchMode="singleTask"
197-->[com.google.firebase:firebase-auth:22.2.0] AndroidManifest.xml:51:13-44
198            android:theme="@android:style/Theme.Translucent.NoTitleBar" >
198-->[com.google.firebase:firebase-auth:22.2.0] AndroidManifest.xml:52:13-72
199            <intent-filter>
199-->[com.google.firebase:firebase-auth:22.2.0] AndroidManifest.xml:53:13-63:29
200                <action android:name="android.intent.action.VIEW" />
200-->[com.google.firebase:firebase-auth:22.2.0] AndroidManifest.xml:36:17-69
200-->[com.google.firebase:firebase-auth:22.2.0] AndroidManifest.xml:36:25-66
201
202                <category android:name="android.intent.category.DEFAULT" />
202-->[com.google.firebase:firebase-auth:22.2.0] AndroidManifest.xml:38:17-76
202-->[com.google.firebase:firebase-auth:22.2.0] AndroidManifest.xml:38:27-73
203                <category android:name="android.intent.category.BROWSABLE" />
203-->[com.google.firebase:firebase-auth:22.2.0] AndroidManifest.xml:39:17-78
203-->[com.google.firebase:firebase-auth:22.2.0] AndroidManifest.xml:39:27-75
204
205                <data
205-->[com.google.firebase:firebase-auth:22.2.0] AndroidManifest.xml:41:17-44:51
206                    android:host="firebase.auth"
206-->[com.google.firebase:firebase-auth:22.2.0] AndroidManifest.xml:42:21-49
207                    android:path="/"
207-->[com.google.firebase:firebase-auth:22.2.0] AndroidManifest.xml:43:21-37
208                    android:scheme="recaptcha" />
208-->[com.google.firebase:firebase-auth:22.2.0] AndroidManifest.xml:44:21-48
209            </intent-filter>
210        </activity>
211
212        <provider
212-->[com.google.firebase:firebase-common:20.4.2] AndroidManifest.xml:23:9-28:39
213            android:name="com.google.firebase.provider.FirebaseInitProvider"
213-->[com.google.firebase:firebase-common:20.4.2] AndroidManifest.xml:24:13-77
214            android:authorities="com.inkartuserapp.firebaseinitprovider"
214-->[com.google.firebase:firebase-common:20.4.2] AndroidManifest.xml:25:13-72
215            android:directBootAware="true"
215-->[com.google.firebase:firebase-common:20.4.2] AndroidManifest.xml:26:13-43
216            android:exported="false"
216-->[com.google.firebase:firebase-common:20.4.2] AndroidManifest.xml:27:13-37
217            android:initOrder="100" />
217-->[com.google.firebase:firebase-common:20.4.2] AndroidManifest.xml:28:13-36
218        <provider
218-->[androidx.work:work-runtime:2.7.1] AndroidManifest.xml:31:9-39:20
219            android:name="androidx.startup.InitializationProvider"
219-->[androidx.work:work-runtime:2.7.1] AndroidManifest.xml:32:13-67
220            android:authorities="com.inkartuserapp.androidx-startup"
220-->[androidx.work:work-runtime:2.7.1] AndroidManifest.xml:33:13-68
221            android:exported="false" >
221-->[androidx.work:work-runtime:2.7.1] AndroidManifest.xml:34:13-37
222            <meta-data
222-->[androidx.work:work-runtime:2.7.1] AndroidManifest.xml:36:13-38:52
223                android:name="androidx.work.WorkManagerInitializer"
223-->[androidx.work:work-runtime:2.7.1] AndroidManifest.xml:37:17-68
224                android:value="androidx.startup" />
224-->[androidx.work:work-runtime:2.7.1] AndroidManifest.xml:38:17-49
225            <meta-data
225-->[androidx.emoji2:emoji2:1.2.0] AndroidManifest.xml:29:13-31:52
226                android:name="androidx.emoji2.text.EmojiCompatInitializer"
226-->[androidx.emoji2:emoji2:1.2.0] AndroidManifest.xml:30:17-75
227                android:value="androidx.startup" />
227-->[androidx.emoji2:emoji2:1.2.0] AndroidManifest.xml:31:17-49
228            <meta-data
228-->[androidx.lifecycle:lifecycle-process:2.4.1] AndroidManifest.xml:31:13-33:52
229                android:name="androidx.lifecycle.ProcessLifecycleInitializer"
229-->[androidx.lifecycle:lifecycle-process:2.4.1] AndroidManifest.xml:32:17-78
230                android:value="androidx.startup" />
230-->[androidx.lifecycle:lifecycle-process:2.4.1] AndroidManifest.xml:33:17-49
231        </provider>
232
233        <service
233-->[androidx.work:work-runtime:2.7.1] AndroidManifest.xml:41:9-46:35
234            android:name="androidx.work.impl.background.systemalarm.SystemAlarmService"
234-->[androidx.work:work-runtime:2.7.1] AndroidManifest.xml:42:13-88
235            android:directBootAware="false"
235-->[androidx.work:work-runtime:2.7.1] AndroidManifest.xml:43:13-44
236            android:enabled="@bool/enable_system_alarm_service_default"
236-->[androidx.work:work-runtime:2.7.1] AndroidManifest.xml:44:13-72
237            android:exported="false" />
237-->[androidx.work:work-runtime:2.7.1] AndroidManifest.xml:45:13-37
238        <service
238-->[androidx.work:work-runtime:2.7.1] AndroidManifest.xml:47:9-53:35
239            android:name="androidx.work.impl.background.systemjob.SystemJobService"
239-->[androidx.work:work-runtime:2.7.1] AndroidManifest.xml:48:13-84
240            android:directBootAware="false"
240-->[androidx.work:work-runtime:2.7.1] AndroidManifest.xml:49:13-44
241            android:enabled="@bool/enable_system_job_service_default"
241-->[androidx.work:work-runtime:2.7.1] AndroidManifest.xml:50:13-70
242            android:exported="true"
242-->[androidx.work:work-runtime:2.7.1] AndroidManifest.xml:51:13-36
243            android:permission="android.permission.BIND_JOB_SERVICE" />
243-->[androidx.work:work-runtime:2.7.1] AndroidManifest.xml:52:13-69
244        <service
244-->[androidx.work:work-runtime:2.7.1] AndroidManifest.xml:54:9-59:35
245            android:name="androidx.work.impl.foreground.SystemForegroundService"
245-->[androidx.work:work-runtime:2.7.1] AndroidManifest.xml:55:13-81
246            android:directBootAware="false"
246-->[androidx.work:work-runtime:2.7.1] AndroidManifest.xml:56:13-44
247            android:enabled="@bool/enable_system_foreground_service_default"
247-->[androidx.work:work-runtime:2.7.1] AndroidManifest.xml:57:13-77
248            android:exported="false" />
248-->[androidx.work:work-runtime:2.7.1] AndroidManifest.xml:58:13-37
249
250        <receiver
250-->[androidx.work:work-runtime:2.7.1] AndroidManifest.xml:61:9-66:35
251            android:name="androidx.work.impl.utils.ForceStopRunnable$BroadcastReceiver"
251-->[androidx.work:work-runtime:2.7.1] AndroidManifest.xml:62:13-88
252            android:directBootAware="false"
252-->[androidx.work:work-runtime:2.7.1] AndroidManifest.xml:63:13-44
253            android:enabled="true"
253-->[androidx.work:work-runtime:2.7.1] AndroidManifest.xml:64:13-35
254            android:exported="false" />
254-->[androidx.work:work-runtime:2.7.1] AndroidManifest.xml:65:13-37
255        <receiver
255-->[androidx.work:work-runtime:2.7.1] AndroidManifest.xml:67:9-77:20
256            android:name="androidx.work.impl.background.systemalarm.ConstraintProxy$BatteryChargingProxy"
256-->[androidx.work:work-runtime:2.7.1] AndroidManifest.xml:68:13-106
257            android:directBootAware="false"
257-->[androidx.work:work-runtime:2.7.1] AndroidManifest.xml:69:13-44
258            android:enabled="false"
258-->[androidx.work:work-runtime:2.7.1] AndroidManifest.xml:70:13-36
259            android:exported="false" >
259-->[androidx.work:work-runtime:2.7.1] AndroidManifest.xml:71:13-37
260            <intent-filter>
260-->[androidx.work:work-runtime:2.7.1] AndroidManifest.xml:73:13-76:29
261                <action android:name="android.intent.action.ACTION_POWER_CONNECTED" />
261-->[androidx.work:work-runtime:2.7.1] AndroidManifest.xml:74:17-87
261-->[androidx.work:work-runtime:2.7.1] AndroidManifest.xml:74:25-84
262                <action android:name="android.intent.action.ACTION_POWER_DISCONNECTED" />
262-->[androidx.work:work-runtime:2.7.1] AndroidManifest.xml:75:17-90
262-->[androidx.work:work-runtime:2.7.1] AndroidManifest.xml:75:25-87
263            </intent-filter>
264        </receiver>
265        <receiver
265-->[androidx.work:work-runtime:2.7.1] AndroidManifest.xml:78:9-88:20
266            android:name="androidx.work.impl.background.systemalarm.ConstraintProxy$BatteryNotLowProxy"
266-->[androidx.work:work-runtime:2.7.1] AndroidManifest.xml:79:13-104
267            android:directBootAware="false"
267-->[androidx.work:work-runtime:2.7.1] AndroidManifest.xml:80:13-44
268            android:enabled="false"
268-->[androidx.work:work-runtime:2.7.1] AndroidManifest.xml:81:13-36
269            android:exported="false" >
269-->[androidx.work:work-runtime:2.7.1] AndroidManifest.xml:82:13-37
270            <intent-filter>
270-->[androidx.work:work-runtime:2.7.1] AndroidManifest.xml:84:13-87:29
271                <action android:name="android.intent.action.BATTERY_OKAY" />
271-->[androidx.work:work-runtime:2.7.1] AndroidManifest.xml:85:17-77